This is pdfTeX, Version 3.141592653-2.6-1.40.23 (TeX Live 2021/W32TeX) (preloaded format=pdflatex 2021.12.13)  13 DEC 2021 21:51
entering extended mode
 restricted \write18 enabled.
 %&-line parsing enabled.
**Class_Project_Report.tex
(./Class_Project_Report.tex
LaTeX2e <2021-11-15> patch level 1
L3 programming layer <2021-11-22>
(c:/Users/Valued Customer/AppData/Roaming/TinyTeX/texmf-dist/tex/latex/base/art
icle.cls
Document Class: article 2021/10/04 v1.4n Standard LaTeX document class

(c:/Users/Valued Customer/AppData/Roaming/TinyTeX/texmf-dist/tex/latex/base/siz
e12.clo
File: size12.clo 2021/10/04 v1.4n Standard LaTeX file (size option)
)
\c@part=\count183
\c@section=\count184
\c@subsection=\count185
\c@subsubsection=\count186
\c@paragraph=\count187
\c@subparagraph=\count188
\c@figure=\count189
\c@table=\count190
\abovecaptionskip=\skip47
\belowcaptionskip=\skip48
\bibindent=\dimen138
)
(c:/Users/Valued Customer/AppData/Roaming/TinyTeX/texmf-dist/tex/latex/lm/lmode
rn.sty
Package: lmodern 2015/05/01 v1.6.1 Latin Modern Fonts
LaTeX Font Info:    Overwriting symbol font `operators' in version `normal'
(Font)                  OT1/cmr/m/n --> OT1/lmr/m/n on input line 22.
LaTeX Font Info:    Overwriting symbol font `letters' in version `normal'
(Font)                  OML/cmm/m/it --> OML/lmm/m/it on input line 23.
LaTeX Font Info:    Overwriting symbol font `symbols' in version `normal'
(Font)                  OMS/cmsy/m/n --> OMS/lmsy/m/n on input line 24.
LaTeX Font Info:    Overwriting symbol font `largesymbols' in version `normal'
(Font)                  OMX/cmex/m/n --> OMX/lmex/m/n on input line 25.
LaTeX Font Info:    Overwriting symbol font `operators' in version `bold'
(Font)                  OT1/cmr/bx/n --> OT1/lmr/bx/n on input line 26.
LaTeX Font Info:    Overwriting symbol font `letters' in version `bold'
(Font)                  OML/cmm/b/it --> OML/lmm/b/it on input line 27.
LaTeX Font Info:    Overwriting symbol font `symbols' in version `bold'
(Font)                  OMS/cmsy/b/n --> OMS/lmsy/b/n on input line 28.
LaTeX Font Info:    Overwriting symbol font `largesymbols' in version `bold'
(Font)                  OMX/cmex/m/n --> OMX/lmex/m/n on input line 29.
LaTeX Font Info:    Overwriting math alphabet `\mathbf' in version `normal'
(Font)                  OT1/cmr/bx/n --> OT1/lmr/bx/n on input line 31.
LaTeX Font Info:    Overwriting math alphabet `\mathsf' in version `normal'
(Font)                  OT1/cmss/m/n --> OT1/lmss/m/n on input line 32.
LaTeX Font Info:    Overwriting math alphabet `\mathit' in version `normal'
(Font)                  OT1/cmr/m/it --> OT1/lmr/m/it on input line 33.
LaTeX Font Info:    Overwriting math alphabet `\mathtt' in version `normal'
(Font)                  OT1/cmtt/m/n --> OT1/lmtt/m/n on input line 34.
LaTeX Font Info:    Overwriting math alphabet `\mathbf' in version `bold'
(Font)                  OT1/cmr/bx/n --> OT1/lmr/bx/n on input line 35.
LaTeX Font Info:    Overwriting math alphabet `\mathsf' in version `bold'
(Font)                  OT1/cmss/bx/n --> OT1/lmss/bx/n on input line 36.
LaTeX Font Info:    Overwriting math alphabet `\mathit' in version `bold'
(Font)                  OT1/cmr/bx/it --> OT1/lmr/bx/it on input line 37.
LaTeX Font Info:    Overwriting math alphabet `\mathtt' in version `bold'
(Font)                  OT1/cmtt/m/n --> OT1/lmtt/m/n on input line 38.
)
(c:/Users/Valued Customer/AppData/Roaming/TinyTeX/texmf-dist/tex/latex/amsfonts
/amssymb.sty
Package: amssymb 2013/01/14 v3.01 AMS font symbols

(c:/Users/Valued Customer/AppData/Roaming/TinyTeX/texmf-dist/tex/latex/amsfonts
/amsfonts.sty
Package: amsfonts 2013/01/14 v3.01 Basic AMSFonts support
\@emptytoks=\toks16
\symAMSa=\mathgroup4
\symAMSb=\mathgroup5
LaTeX Font Info:    Redeclaring math symbol \hbar on input line 98.
LaTeX Font Info:    Overwriting math alphabet `\mathfrak' in version `bold'
(Font)                  U/euf/m/n --> U/euf/b/n on input line 106.
))
(c:/Users/Valued Customer/AppData/Roaming/TinyTeX/texmf-dist/tex/latex/amsmath/
amsmath.sty
Package: amsmath 2021/10/15 v2.17l AMS math features
\@mathmargin=\skip49
For additional information on amsmath, use the `?' option.

(c:/Users/Valued Customer/AppData/Roaming/TinyTeX/texmf-dist/tex/latex/amsmath/
amstext.sty
Package: amstext 2021/08/26 v2.01 AMS text

(c:/Users/Valued Customer/AppData/Roaming/TinyTeX/texmf-dist/tex/latex/amsmath/
amsgen.sty
File: amsgen.sty 1999/11/30 v2.0 generic functions
\@emptytoks=\toks17
\ex@=\dimen139
))
(c:/Users/Valued Customer/AppData/Roaming/TinyTeX/texmf-dist/tex/latex/amsmath/
amsbsy.sty
Package: amsbsy 1999/11/29 v1.2d Bold Symbols
\pmbraise@=\dimen140
)
(c:/Users/Valued Customer/AppData/Roaming/TinyTeX/texmf-dist/tex/latex/amsmath/
amsopn.sty
Package: amsopn 2021/08/26 v2.02 operator names
)
\inf@bad=\count191
LaTeX Info: Redefining \frac on input line 234.
\uproot@=\count192
\leftroot@=\count193
LaTeX Info: Redefining \overline on input line 399.
\classnum@=\count194
\DOTSCASE@=\count195
LaTeX Info: Redefining \ldots on input line 496.
LaTeX Info: Redefining \dots on input line 499.
LaTeX Info: Redefining \cdots on input line 620.
\Mathstrutbox@=\box50
\strutbox@=\box51
\big@size=\dimen141
LaTeX Font Info:    Redeclaring font encoding OML on input line 743.
LaTeX Font Info:    Redeclaring font encoding OMS on input line 744.
\macc@depth=\count196
\c@MaxMatrixCols=\count197
\dotsspace@=\muskip16
\c@parentequation=\count198
\dspbrk@lvl=\count199
\tag@help=\toks18
\row@=\count266
\column@=\count267
\maxfields@=\count268
\andhelp@=\toks19
\eqnshift@=\dimen142
\alignsep@=\dimen143
\tagshift@=\dimen144
\tagwidth@=\dimen145
\totwidth@=\dimen146
\lineht@=\dimen147
\@envbody=\toks20
\multlinegap=\skip50
\multlinetaggap=\skip51
\mathdisplay@stack=\toks21
LaTeX Info: Redefining \[ on input line 2938.
LaTeX Info: Redefining \] on input line 2939.
)
(c:/Users/Valued Customer/AppData/Roaming/TinyTeX/texmf-dist/tex/generic/iftex/
ifxetex.sty
Package: ifxetex 2019/10/25 v0.7 ifxetex legacy package. Use iftex instead.

(c:/Users/Valued Customer/AppData/Roaming/TinyTeX/texmf-dist/tex/generic/iftex/
iftex.sty
Package: iftex 2020/03/06 v1.0d TeX engine tests
))
(c:/Users/Valued Customer/AppData/Roaming/TinyTeX/texmf-dist/tex/generic/iftex/
ifluatex.sty
Package: ifluatex 2019/10/25 v1.5 ifluatex legacy package. Use iftex instead.
)
(c:/Users/Valued Customer/AppData/Roaming/TinyTeX/texmf-dist/tex/latex/base/fon
tenc.sty
Package: fontenc 2021/04/29 v2.0v Standard LaTeX package
LaTeX Font Info:    Trying to load font information for T1+lmr on input line 11
2.

(c:/Users/Valued Customer/AppData/Roaming/TinyTeX/texmf-dist/tex/latex/lm/t1lmr
.fd
File: t1lmr.fd 2015/05/01 v1.6.1 Font defs for Latin Modern
))
(c:/Users/Valued Customer/AppData/Roaming/TinyTeX/texmf-dist/tex/latex/base/inp
utenc.sty
Package: inputenc 2021/02/14 v1.3d Input encoding file
\inpenc@prehook=\toks22
\inpenc@posthook=\toks23
)
(c:/Users/Valued Customer/AppData/Roaming/TinyTeX/texmf-dist/tex/latex/base/tex
tcomp.sty
Package: textcomp 2020/02/02 v2.0n Standard LaTeX package
)
(c:/Users/Valued Customer/AppData/Roaming/TinyTeX/texmf-dist/tex/latex/xcolor/x
color.sty
Package: xcolor 2021/10/31 v2.13 LaTeX color extensions (UK)

(c:/Users/Valued Customer/AppData/Roaming/TinyTeX/texmf-dist/tex/latex/graphics
-cfg/color.cfg
File: color.cfg 2016/01/02 v1.6 sample color configuration
)
Package xcolor Info: Driver file: pdftex.def on input line 227.

(c:/Users/Valued Customer/AppData/Roaming/TinyTeX/texmf-dist/tex/latex/graphics
-def/pdftex.def
File: pdftex.def 2020/10/05 v1.2a Graphics/color driver for pdftex
)
Package xcolor Info: Model `cmy' substituted by `cmy0' on input line 1352.
Package xcolor Info: Model `hsb' substituted by `rgb' on input line 1356.
Package xcolor Info: Model `RGB' extended on input line 1368.
Package xcolor Info: Model `HTML' substituted by `rgb' on input line 1370.
Package xcolor Info: Model `Hsb' substituted by `hsb' on input line 1371.
Package xcolor Info: Model `tHsb' substituted by `hsb' on input line 1372.
Package xcolor Info: Model `HSB' substituted by `hsb' on input line 1373.
Package xcolor Info: Model `Gray' substituted by `gray' on input line 1374.
Package xcolor Info: Model `wave' substituted by `hsb' on input line 1375.

(c:/Users/Valued Customer/AppData/Roaming/TinyTeX/texmf-dist/tex/latex/graphics
/dvipsnam.def
File: dvipsnam.def 2016/06/17 v3.0m Driver-dependent file (DPC,SPQR)
)
(c:/Users/Valued Customer/AppData/Roaming/TinyTeX/texmf-dist/tex/latex/xcolor/s
vgnam.def
File: svgnam.def 2021/10/31 v2.13 Predefined colors according to SVG 1.1 (UK)
)
(c:/Users/Valued Customer/AppData/Roaming/TinyTeX/texmf-dist/tex/latex/xcolor/x
11nam.def
File: x11nam.def 2021/10/31 v2.13 Predefined colors according to Unix/X11 (UK)
))
(c:/Users/Valued Customer/AppData/Roaming/TinyTeX/texmf-dist/tex/latex/hyperref
/hyperref.sty
Package: hyperref 2021-06-07 v7.00m Hypertext links for LaTeX

(c:/Users/Valued Customer/AppData/Roaming/TinyTeX/texmf-dist/tex/generic/ltxcmd
s/ltxcmds.sty
Package: ltxcmds 2020-05-10 v1.25 LaTeX kernel commands for general use (HO)
)
(c:/Users/Valued Customer/AppData/Roaming/TinyTeX/texmf-dist/tex/generic/pdftex
cmds/pdftexcmds.sty
Package: pdftexcmds 2020-06-27 v0.33 Utility functions of pdfTeX for LuaTeX (HO
)

(c:/Users/Valued Customer/AppData/Roaming/TinyTeX/texmf-dist/tex/generic/infwar
err/infwarerr.sty
Package: infwarerr 2019/12/03 v1.5 Providing info/warning/error messages (HO)
)
Package pdftexcmds Info: \pdf@primitive is available.
Package pdftexcmds Info: \pdf@ifprimitive is available.
Package pdftexcmds Info: \pdfdraftmode found.
)
(c:/Users/Valued Customer/AppData/Roaming/TinyTeX/texmf-dist/tex/latex/graphics
/keyval.sty
Package: keyval 2014/10/28 v1.15 key=value parser (DPC)
\KV@toks@=\toks24
)
(c:/Users/Valued Customer/AppData/Roaming/TinyTeX/texmf-dist/tex/generic/kvsetk
eys/kvsetkeys.sty
Package: kvsetkeys 2019/12/15 v1.18 Key value parser (HO)
)
(c:/Users/Valued Customer/AppData/Roaming/TinyTeX/texmf-dist/tex/generic/kvdefi
nekeys/kvdefinekeys.sty
Package: kvdefinekeys 2019-12-19 v1.6 Define keys (HO)
)
(c:/Users/Valued Customer/AppData/Roaming/TinyTeX/texmf-dist/tex/generic/pdfesc
ape/pdfescape.sty
Package: pdfescape 2019/12/09 v1.15 Implements pdfTeX's escape features (HO)
)
(c:/Users/Valued Customer/AppData/Roaming/TinyTeX/texmf-dist/tex/latex/hycolor/
hycolor.sty
Package: hycolor 2020-01-27 v1.10 Color options for hyperref/bookmark (HO)
)
(c:/Users/Valued Customer/AppData/Roaming/TinyTeX/texmf-dist/tex/latex/letltxma
cro/letltxmacro.sty
Package: letltxmacro 2019/12/03 v1.6 Let assignment for LaTeX macros (HO)
)
(c:/Users/Valued Customer/AppData/Roaming/TinyTeX/texmf-dist/tex/latex/auxhook/
auxhook.sty
Package: auxhook 2019-12-17 v1.6 Hooks for auxiliary files (HO)
)
(c:/Users/Valued Customer/AppData/Roaming/TinyTeX/texmf-dist/tex/latex/kvoption
s/kvoptions.sty
Package: kvoptions 2020-10-07 v3.14 Key value format for package options (HO)
)
\@linkdim=\dimen148
\Hy@linkcounter=\count269
\Hy@pagecounter=\count270

(c:/Users/Valued Customer/AppData/Roaming/TinyTeX/texmf-dist/tex/latex/hyperref
/pd1enc.def
File: pd1enc.def 2021-06-07 v7.00m Hyperref: PDFDocEncoding definition (HO)
Now handling font encoding PD1 ...
... no UTF-8 mapping file for font encoding PD1
)
(c:/Users/Valued Customer/AppData/Roaming/TinyTeX/texmf-dist/tex/latex/hyperref
/hyperref-langpatches.def
File: hyperref-langpatches.def 2021-06-07 v7.00m Hyperref: patches for babel la
nguages
)
(c:/Users/Valued Customer/AppData/Roaming/TinyTeX/texmf-dist/tex/generic/intcal
c/intcalc.sty
Package: intcalc 2019/12/15 v1.3 Expandable calculations with integers (HO)
)
(c:/Users/Valued Customer/AppData/Roaming/TinyTeX/texmf-dist/tex/generic/etexcm
ds/etexcmds.sty
Package: etexcmds 2019/12/15 v1.7 Avoid name clashes with e-TeX commands (HO)
)
\Hy@SavedSpaceFactor=\count271

(c:/Users/Valued Customer/AppData/Roaming/TinyTeX/texmf-dist/tex/latex/hyperref
/puenc.def
File: puenc.def 2021-06-07 v7.00m Hyperref: PDF Unicode definition (HO)
Now handling font encoding PU ...
... no UTF-8 mapping file for font encoding PU
)
Package hyperref Info: Option `unicode' set `true' on input line 4073.
Package hyperref Info: Hyper figures OFF on input line 4192.
Package hyperref Info: Link nesting OFF on input line 4197.
Package hyperref Info: Hyper index ON on input line 4200.
Package hyperref Info: Plain pages OFF on input line 4207.
Package hyperref Info: Backreferencing OFF on input line 4212.
Package hyperref Info: Implicit mode ON; LaTeX internals redefined.
Package hyperref Info: Bookmarks ON on input line 4445.
\c@Hy@tempcnt=\count272

(c:/Users/Valued Customer/AppData/Roaming/TinyTeX/texmf-dist/tex/latex/url/url.
sty
\Urlmuskip=\muskip17
Package: url 2013/09/16  ver 3.4  Verb mode for urls, etc.
)
LaTeX Info: Redefining \url on input line 4804.
\XeTeXLinkMargin=\dimen149

(c:/Users/Valued Customer/AppData/Roaming/TinyTeX/texmf-dist/tex/generic/bitset
/bitset.sty
Package: bitset 2019/12/09 v1.3 Handle bit-vector datatype (HO)

(c:/Users/Valued Customer/AppData/Roaming/TinyTeX/texmf-dist/tex/generic/bigint
calc/bigintcalc.sty
Package: bigintcalc 2019/12/15 v1.5 Expandable calculations on big integers (HO
)
))
\Fld@menulength=\count273
\Field@Width=\dimen150
\Fld@charsize=\dimen151
Package hyperref Info: Hyper figures OFF on input line 6076.
Package hyperref Info: Link nesting OFF on input line 6081.
Package hyperref Info: Hyper index ON on input line 6084.
Package hyperref Info: backreferencing OFF on input line 6091.
Package hyperref Info: Link coloring OFF on input line 6096.
Package hyperref Info: Link coloring with OCG OFF on input line 6101.
Package hyperref Info: PDF/A mode OFF on input line 6106.
LaTeX Info: Redefining \ref on input line 6146.
LaTeX Info: Redefining \pageref on input line 6150.

(c:/Users/Valued Customer/AppData/Roaming/TinyTeX/texmf-dist/tex/latex/base/atb
egshi-ltx.sty
Package: atbegshi-ltx 2021/01/10 v1.0c Emulation of the original atbegshi
package with kernel methods
)
\Hy@abspage=\count274
\c@Item=\count275
\c@Hfootnote=\count276
)
Package hyperref Info: Driver (autodetected): hpdftex.

(c:/Users/Valued Customer/AppData/Roaming/TinyTeX/texmf-dist/tex/latex/hyperref
/hpdftex.def
File: hpdftex.def 2021-06-07 v7.00m Hyperref driver for pdfTeX

(c:/Users/Valued Customer/AppData/Roaming/TinyTeX/texmf-dist/tex/latex/base/atv
eryend-ltx.sty
Package: atveryend-ltx 2020/08/19 v1.0a Emulation of the original atveryend pac
kage
with kernel methods
)
\Fld@listcount=\count277
\c@bookmark@seq@number=\count278

(c:/Users/Valued Customer/AppData/Roaming/TinyTeX/texmf-dist/tex/latex/rerunfil
echeck/rerunfilecheck.sty
Package: rerunfilecheck 2019/12/05 v1.9 Rerun checks for auxiliary files (HO)

(c:/Users/Valued Customer/AppData/Roaming/TinyTeX/texmf-dist/tex/generic/unique
counter/uniquecounter.sty
Package: uniquecounter 2019/12/15 v1.4 Provide unlimited unique counter (HO)
)
Package uniquecounter Info: New unique counter `rerunfilecheck' on input line 2
86.
)
\Hy@SectionHShift=\skip52
)
Package hyperref Info: Option `colorlinks' set `true' on input line 49.

(c:/Users/Valued Customer/AppData/Roaming/TinyTeX/texmf-dist/tex/latex/geometry
/geometry.sty
Package: geometry 2020/01/02 v5.9 Page Geometry

(c:/Users/Valued Customer/AppData/Roaming/TinyTeX/texmf-dist/tex/generic/iftex/
ifvtex.sty
Package: ifvtex 2019/10/25 v1.7 ifvtex legacy package. Use iftex instead.
)
\Gm@cnth=\count279
\Gm@cntv=\count280
\c@Gm@tempcnt=\count281
\Gm@bindingoffset=\dimen152
\Gm@wd@mp=\dimen153
\Gm@odd@mp=\dimen154
\Gm@even@mp=\dimen155
\Gm@layoutwidth=\dimen156
\Gm@layoutheight=\dimen157
\Gm@layouthoffset=\dimen158
\Gm@layoutvoffset=\dimen159
\Gm@dimlist=\toks25
)
(c:/Users/Valued Customer/AppData/Roaming/TinyTeX/texmf-dist/tex/latex/fancyvrb
/fancyvrb.sty
Package: fancyvrb 2021/11/24\nobreakspace {} 4.1a\nobreakspace {}verbatim text 
(tvz,hv)
\FV@CodeLineNo=\count282
\FV@InFile=\read2
\FV@TabBox=\box52
\c@FancyVerbLine=\count283
\FV@StepNumber=\count284
\FV@OutFile=\write3
)
(c:/Users/Valued Customer/AppData/Roaming/TinyTeX/texmf-dist/tex/latex/framed/f
ramed.sty
Package: framed 2011/10/22 v 0.96: framed or shaded text with page breaks
\OuterFrameSep=\skip53
\fb@frw=\dimen160
\fb@frh=\dimen161
\FrameRule=\dimen162
\FrameSep=\dimen163
)
(c:/Users/Valued Customer/AppData/Roaming/TinyTeX/texmf-dist/tex/latex/graphics
/graphicx.sty
Package: graphicx 2021/09/16 v1.2d Enhanced LaTeX Graphics (DPC,SPQR)

(c:/Users/Valued Customer/AppData/Roaming/TinyTeX/texmf-dist/tex/latex/graphics
/graphics.sty
Package: graphics 2021/03/04 v1.4d Standard LaTeX Graphics (DPC,SPQR)

(c:/Users/Valued Customer/AppData/Roaming/TinyTeX/texmf-dist/tex/latex/graphics
/trig.sty
Package: trig 2021/08/11 v1.11 sin cos tan (DPC)
)
(c:/Users/Valued Customer/AppData/Roaming/TinyTeX/texmf-dist/tex/latex/graphics
-cfg/graphics.cfg
File: graphics.cfg 2016/06/04 v1.11 sample graphics configuration
)
Package graphics Info: Driver file: pdftex.def on input line 107.
)
\Gin@req@height=\dimen164
\Gin@req@width=\dimen165
)
(c:/Users/Valued Customer/AppData/Roaming/TinyTeX/texmf-dist/tex/latex/grffile/
grffile.sty
Package: grffile 2019/11/11 v2.1 Extended file name support for graphics (legac
y)
Package grffile Info: This package is an empty stub for compatibility on input 
line 40.
)
(c:/Users/Valued Customer/AppData/Roaming/TinyTeX/texmf-dist/tex/latex/booktabs
/booktabs.sty
Package: booktabs 2020/01/12 v1.61803398 Publication quality tables
\heavyrulewidth=\dimen166
\lightrulewidth=\dimen167
\cmidrulewidth=\dimen168
\belowrulesep=\dimen169
\belowbottomsep=\dimen170
\aboverulesep=\dimen171
\abovetopsep=\dimen172
\cmidrulesep=\dimen173
\cmidrulekern=\dimen174
\defaultaddspace=\dimen175
\@cmidla=\count285
\@cmidlb=\count286
\@aboverulesep=\dimen176
\@belowrulesep=\dimen177
\@thisruleclass=\count287
\@lastruleclass=\count288
\@thisrulewidth=\dimen178
)
(c:/Users/Valued Customer/AppData/Roaming/TinyTeX/texmf-dist/tex/latex/tools/lo
ngtable.sty
Package: longtable 2021-09-01 v4.17 Multi-page Table package (DPC)
\LTleft=\skip54
\LTright=\skip55
\LTpre=\skip56
\LTpost=\skip57
\LTchunksize=\count289
\LTcapwidth=\dimen179
\LT@head=\box53
\LT@firsthead=\box54
\LT@foot=\box55
\LT@lastfoot=\box56
\LT@gbox=\box57
\LT@cols=\count290
\LT@rows=\count291
\c@LT@tables=\count292
\c@LT@chunks=\count293
\LT@p@ftn=\toks26
)
(c:/Users/Valued Customer/AppData/Roaming/TinyTeX/texmf-dist/tex/latex/tools/ar
ray.sty
Package: array 2021/10/04 v2.5f Tabular extension package (FMi)
\col@sep=\dimen180
\ar@mcellbox=\box58
\extrarowheight=\dimen181
\NC@list=\toks27
\extratabsurround=\skip58
\backup@length=\skip59
\ar@cellbox=\box59
)
(c:/Users/Valued Customer/AppData/Roaming/TinyTeX/texmf-dist/tex/latex/multirow
/multirow.sty
Package: multirow 2021/03/15 v2.8 Span multiple rows of a table
\multirow@colwidth=\skip60
\multirow@cntb=\count294
\multirow@dima=\skip61
\bigstrutjot=\dimen182
)
(c:/Users/Valued Customer/AppData/Roaming/TinyTeX/texmf-dist/tex/latex/wrapfig/
wrapfig.sty
\wrapoverhang=\dimen183
\WF@size=\dimen184
\c@WF@wrappedlines=\count295
\WF@box=\box60
\WF@everypar=\toks28
Package: wrapfig 2003/01/31  v 3.6
)
(c:/Users/Valued Customer/AppData/Roaming/TinyTeX/texmf-dist/tex/latex/float/fl
oat.sty
Package: float 2001/11/08 v1.3d Float enhancements (AL)
\c@float@type=\count296
\float@exts=\toks29
\float@box=\box61
\@float@everytoks=\toks30
\@floatcapt=\box62
)
(c:/Users/Valued Customer/AppData/Roaming/TinyTeX/texmf-dist/tex/latex/colortbl
/colortbl.sty
Package: colortbl 2020/01/04 v1.0e Color table columns (DPC)
\everycr=\toks31
\minrowclearance=\skip62
)
(c:/Users/Valued Customer/AppData/Roaming/TinyTeX/texmf-dist/tex/latex/pdflscap
e/pdflscape.sty
Package: pdflscape 2019/12/05 v0.12 Display of landscape pages in PDF (HO)

(c:/Users/Valued Customer/AppData/Roaming/TinyTeX/texmf-dist/tex/latex/graphics
/lscape.sty
Package: lscape 2020/05/28 v3.02 Landscape Pages (DPC)
)
Package pdflscape Info: Auto-detected driver: pdftex on input line 81.
)
(c:/Users/Valued Customer/AppData/Roaming/TinyTeX/texmf-dist/tex/latex/tabu/tab
u.sty
Package: tabu 2019/01/11 v2.9 - flexible LaTeX tabulars (FC+tabu-fixed)

(c:/Users/Valued Customer/AppData/Roaming/TinyTeX/texmf-dist/tex/latex/varwidth
/varwidth.sty
Package: varwidth 2009/03/30 ver 0.92;  Variable-width minipages
\@vwid@box=\box63
\sift@deathcycles=\count297
\@vwid@loff=\dimen185
\@vwid@roff=\dimen186
)
\c@taburow=\count298
\tabu@nbcols=\count299
\tabu@cnt=\count300
\tabu@Xcol=\count301
\tabu@alloc=\count302
\tabu@nested=\count303
\tabu@target=\dimen187
\tabu@spreadtarget=\dimen188
\tabu@naturalX=\dimen189
\tabucolX=\dimen190
\tabu@Xsum=\dimen191
\extrarowdepth=\dimen192
\abovetabulinesep=\dimen193
\belowtabulinesep=\dimen194
\tabustrutrule=\dimen195
\tabu@thebody=\toks32
\tabu@footnotes=\toks33
\tabu@box=\box64
\tabu@arstrutbox=\box65
\tabu@hleads=\box66
\tabu@vleads=\box67
\tabu@cellskip=\skip63
)
(c:/Users/Valued Customer/AppData/Roaming/TinyTeX/texmf-dist/tex/latex/threepar
ttable/threeparttable.sty
Package: threeparttable 2003/06/13  v 3.0
\@tempboxb=\box68
)
(c:/Users/Valued Customer/AppData/Roaming/TinyTeX/texmf-dist/tex/latex/threepar
ttablex/threeparttablex.sty
Package: threeparttablex 2013/07/23 v0.3 by daleif

(c:/Users/Valued Customer/AppData/Roaming/TinyTeX/texmf-dist/tex/latex/environ/
environ.sty
Package: environ 2014/05/04 v0.3 A new way to define environments

(c:/Users/Valued Customer/AppData/Roaming/TinyTeX/texmf-dist/tex/latex/trimspac
es/trimspaces.sty
Package: trimspaces 2009/09/17 v1.1 Trim spaces around a token list
))
\TPTL@width=\skip64
)
(c:/Users/Valued Customer/AppData/Roaming/TinyTeX/texmf-dist/tex/generic/ulem/u
lem.sty
\UL@box=\box69
\UL@hyphenbox=\box70
\UL@skip=\skip65
\UL@hook=\toks34
\UL@height=\dimen196
\UL@pe=\count304
\UL@pixel=\dimen197
\ULC@box=\box71
Package: ulem 2019/11/18
\ULdepth=\dimen198
)
(c:/Users/Valued Customer/AppData/Roaming/TinyTeX/texmf-dist/tex/latex/makecell
/makecell.sty
Package: makecell 2009/08/03 V0.1e Managing of Tab Column Heads and Cells
\rotheadsize=\dimen199
\c@nlinenum=\count305
\TeXr@lab=\toks35
)
(c:/Users/Valued Customer/AppData/Roaming/TinyTeX/texmf-dist/tex/latex/etoolbox
/etoolbox.sty
Package: etoolbox 2020/10/05 v2.5k e-TeX tools for LaTeX (JAW)
\etb@tempcnta=\count306
)
(c:/Users/Valued Customer/AppData/Roaming/TinyTeX/texmf-dist/tex/latex/l3backen
d/l3backend-pdftex.def
File: l3backend-pdftex.def 2021-10-18 L3 backend support: PDF output (pdfTeX)
\l__color_backend_stack_int=\count307
\l__pdf_internal_box=\box72
) (./Class_Project_Report.aux)
\openout1 = `Class_Project_Report.aux'.

LaTeX Font Info:    Checking defaults for OML/cmm/m/it on input line 136.
LaTeX Font Info:    ... okay on input line 136.
LaTeX Font Info:    Checking defaults for OMS/cmsy/m/n on input line 136.
LaTeX Font Info:    ... okay on input line 136.
LaTeX Font Info:    Checking defaults for OT1/cmr/m/n on input line 136.
LaTeX Font Info:    ... okay on input line 136.
LaTeX Font Info:    Checking defaults for T1/cmr/m/n on input line 136.
LaTeX Font Info:    ... okay on input line 136.
LaTeX Font Info:    Checking defaults for TS1/cmr/m/n on input line 136.
LaTeX Font Info:    ... okay on input line 136.
LaTeX Font Info:    Checking defaults for OMX/cmex/m/n on input line 136.
LaTeX Font Info:    ... okay on input line 136.
LaTeX Font Info:    Checking defaults for U/cmr/m/n on input line 136.
LaTeX Font Info:    ... okay on input line 136.
LaTeX Font Info:    Checking defaults for PD1/pdf/m/n on input line 136.
LaTeX Font Info:    ... okay on input line 136.
LaTeX Font Info:    Checking defaults for PU/pdf/m/n on input line 136.
LaTeX Font Info:    ... okay on input line 136.

(c:/Users/Valued Customer/AppData/Roaming/TinyTeX/texmf-dist/tex/latex/epstopdf
-pkg/epstopdf-base.sty
Package: epstopdf-base 2020-01-24 v2.11 Base part for package epstopdf
Package epstopdf-base Info: Redefining graphics rule for `.eps' on input line 4
85.

(c:/Users/Valued Customer/AppData/Roaming/TinyTeX/texmf-dist/tex/latex/latexcon
fig/epstopdf-sys.cfg
File: epstopdf-sys.cfg 2010/07/13 v1.3 Configuration of (r)epstopdf for TeX Liv
e
))
Package hyperref Info: Link coloring ON on input line 136.

(c:/Users/Valued Customer/AppData/Roaming/TinyTeX/texmf-dist/tex/latex/hyperref
/nameref.sty
Package: nameref 2021-04-02 v2.47 Cross-referencing by name of section

(c:/Users/Valued Customer/AppData/Roaming/TinyTeX/texmf-dist/tex/latex/refcount
/refcount.sty
Package: refcount 2019/12/15 v3.6 Data extraction from label references (HO)
)
(c:/Users/Valued Customer/AppData/Roaming/TinyTeX/texmf-dist/tex/generic/gettit
lestring/gettitlestring.sty
Package: gettitlestring 2019/12/15 v1.6 Cleanup title references (HO)
)
\c@section@level=\count308
)
LaTeX Info: Redefining \ref on input line 136.
LaTeX Info: Redefining \pageref on input line 136.
LaTeX Info: Redefining \nameref on input line 136.
(./Class_Project_Report.out) (./Class_Project_Report.out)
\@outlinefile=\write4
\openout4 = `Class_Project_Report.out'.

*geometry* driver: auto-detecting
*geometry* detected driver: pdftex
*geometry* verbose mode - [ preamble ] result:
* driver: pdftex
* paper: <default>
* layout: <same size as paper>
* layoutoffset:(h,v)=(0.0pt,0.0pt)
* modes: 
* h-part:(L,W,R)=(72.26999pt, 469.75502pt, 72.26999pt)
* v-part:(T,H,B)=(72.26999pt, 650.43001pt, 72.26999pt)
* \paperwidth=614.295pt
* \paperheight=794.96999pt
* \textwidth=469.75502pt
* \textheight=650.43001pt
* \oddsidemargin=0.0pt
* \evensidemargin=0.0pt
* \topmargin=-37.0pt
* \headheight=12.0pt
* \headsep=25.0pt
* \topskip=12.0pt
* \footskip=30.0pt
* \marginparwidth=44.0pt
* \marginparsep=10.0pt
* \columnsep=10.0pt
* \skip\footins=10.8pt plus 4.0pt minus 2.0pt
* \hoffset=0.0pt
* \voffset=0.0pt
* \mag=1000
* \@twocolumnfalse
* \@twosidefalse
* \@mparswitchfalse
* \@reversemarginfalse
* (1in=72.27pt=25.4mm, 1cm=28.453pt)

LaTeX Font Info:    Trying to load font information for OT1+lmr on input line 1
38.

(c:/Users/Valued Customer/AppData/Roaming/TinyTeX/texmf-dist/tex/latex/lm/ot1lm
r.fd
File: ot1lmr.fd 2015/05/01 v1.6.1 Font defs for Latin Modern
)
LaTeX Font Info:    Trying to load font information for OML+lmm on input line 1
38.

(c:/Users/Valued Customer/AppData/Roaming/TinyTeX/texmf-dist/tex/latex/lm/omllm
m.fd
File: omllmm.fd 2015/05/01 v1.6.1 Font defs for Latin Modern
)
LaTeX Font Info:    Trying to load font information for OMS+lmsy on input line 
138.

(c:/Users/Valued Customer/AppData/Roaming/TinyTeX/texmf-dist/tex/latex/lm/omslm
sy.fd
File: omslmsy.fd 2015/05/01 v1.6.1 Font defs for Latin Modern
)
LaTeX Font Info:    Trying to load font information for OMX+lmex on input line 
138.

(c:/Users/Valued Customer/AppData/Roaming/TinyTeX/texmf-dist/tex/latex/lm/omxlm
ex.fd
File: omxlmex.fd 2015/05/01 v1.6.1 Font defs for Latin Modern
)
LaTeX Font Info:    External font `lmex10' loaded for size
(Font)              <14.4> on input line 138.
LaTeX Font Info:    External font `lmex10' loaded for size
(Font)              <10> on input line 138.
LaTeX Font Info:    External font `lmex10' loaded for size
(Font)              <7> on input line 138.
LaTeX Font Info:    Trying to load font information for U+msa on input line 138
.

(c:/Users/Valued Customer/AppData/Roaming/TinyTeX/texmf-dist/tex/latex/amsfonts
/umsa.fd
File: umsa.fd 2013/01/14 v3.01 AMS symbols A
)
LaTeX Font Info:    Trying to load font information for U+msb on input line 138
.

(c:/Users/Valued Customer/AppData/Roaming/TinyTeX/texmf-dist/tex/latex/amsfonts
/umsb.fd
File: umsb.fd 2013/01/14 v3.01 AMS symbols B
) (./Class_Project_Report.toc
LaTeX Font Info:    External font `lmex10' loaded for size
(Font)              <12> on input line 4.
LaTeX Font Info:    External font `lmex10' loaded for size
(Font)              <8> on input line 4.
LaTeX Font Info:    External font `lmex10' loaded for size
(Font)              <6> on input line 4.
)
\tf@toc=\write5
\openout5 = `Class_Project_Report.toc'.

[1

{c:/Users/Valued Customer/AppData/Roaming/TinyTeX/texmf-var/fonts/map/pdftex/up
dmap/pdftex.map}] [2]
LaTeX Font Info:    Trying to load font information for T1+lmtt on input line 2
14.

(c:/Users/Valued Customer/AppData/Roaming/TinyTeX/texmf-dist/tex/latex/lm/t1lmt
t.fd
File: t1lmtt.fd 2015/05/01 v1.6.1 Font defs for Latin Modern
)
LaTeX Font Info:    Font shape `T1/lmtt/bx/n' in size <12> not available
(Font)              Font shape `T1/lmtt/b/n' tried instead on input line 215.
[3] [4] [5] [6]
<Class_Project_Report_files/figure-latex/unnamed-chunk-11-1.pdf, id=133, 469.75
5pt x 325.215pt>
File: Class_Project_Report_files/figure-latex/unnamed-chunk-11-1.pdf Graphic fi
le (type pdf)
<use Class_Project_Report_files/figure-latex/unnamed-chunk-11-1.pdf>
Package pdftex.def Info: Class_Project_Report_files/figure-latex/unnamed-chunk-
11-1.pdf  used on input line 458.
(pdftex.def)             Requested size: 469.75386pt x 325.2142pt.
[7] [8 <./Class_Project_Report_files/figure-latex/unnamed-chunk-11-1.pdf>]
<Class_Project_Report_files/figure-latex/unnamed-chunk-13-1.pdf, id=152, 469.75
5pt x 325.215pt>
File: Class_Project_Report_files/figure-latex/unnamed-chunk-13-1.pdf Graphic fi
le (type pdf)
<use Class_Project_Report_files/figure-latex/unnamed-chunk-13-1.pdf>
Package pdftex.def Info: Class_Project_Report_files/figure-latex/unnamed-chunk-
13-1.pdf  used on input line 516.
(pdftex.def)             Requested size: 469.75386pt x 325.2142pt.
<Class_Project_Report_files/figure-latex/unnamed-chunk-13-2.pdf, id=153, 469.75
5pt x 325.215pt>
File: Class_Project_Report_files/figure-latex/unnamed-chunk-13-2.pdf Graphic fi
le (type pdf)
<use Class_Project_Report_files/figure-latex/unnamed-chunk-13-2.pdf>
Package pdftex.def Info: Class_Project_Report_files/figure-latex/unnamed-chunk-
13-2.pdf  used on input line 517.
(pdftex.def)             Requested size: 469.75386pt x 325.2142pt.

Underfull \hbox (badness 10000) in paragraph at lines 516--518
[][]
 []

[9] [10 <./Class_Project_Report_files/figure-latex/unnamed-chunk-13-1.pdf>]
Overfull \vbox (0.6033pt too high) detected at line 549
 []

[11 <./Class_Project_Report_files/figure-latex/unnamed-chunk-13-2.pdf>]
<Class_Project_Report_files/figure-latex/unnamed-chunk-15-1.pdf, id=176, 469.75
5pt x 325.215pt>
File: Class_Project_Report_files/figure-latex/unnamed-chunk-15-1.pdf Graphic fi
le (type pdf)
<use Class_Project_Report_files/figure-latex/unnamed-chunk-15-1.pdf>
Package pdftex.def Info: Class_Project_Report_files/figure-latex/unnamed-chunk-
15-1.pdf  used on input line 560.
(pdftex.def)             Requested size: 469.75386pt x 325.2142pt.
<Class_Project_Report_files/figure-latex/unnamed-chunk-16-1.pdf, id=177, 469.75
5pt x 325.215pt>
File: Class_Project_Report_files/figure-latex/unnamed-chunk-16-1.pdf Graphic fi
le (type pdf)
<use Class_Project_Report_files/figure-latex/unnamed-chunk-16-1.pdf>
Package pdftex.def Info: Class_Project_Report_files/figure-latex/unnamed-chunk-
16-1.pdf  used on input line 562.
(pdftex.def)             Requested size: 469.75386pt x 325.2142pt.
[12 <./Class_Project_Report_files/figure-latex/unnamed-chunk-15-1.pdf>] [13 <./
Class_Project_Report_files/figure-latex/unnamed-chunk-16-1.pdf>]
<Class_Project_Report_files/figure-latex/unnamed-chunk-18-1.pdf, id=200, 469.75
5pt x 325.215pt>
File: Class_Project_Report_files/figure-latex/unnamed-chunk-18-1.pdf Graphic fi
le (type pdf)
<use Class_Project_Report_files/figure-latex/unnamed-chunk-18-1.pdf>
Package pdftex.def Info: Class_Project_Report_files/figure-latex/unnamed-chunk-
18-1.pdf  used on input line 601.
(pdftex.def)             Requested size: 469.75386pt x 325.2142pt.
<Class_Project_Report_files/figure-latex/unnamed-chunk-19-1.pdf, id=201, 469.75
5pt x 325.215pt>
File: Class_Project_Report_files/figure-latex/unnamed-chunk-19-1.pdf Graphic fi
le (type pdf)
<use Class_Project_Report_files/figure-latex/unnamed-chunk-19-1.pdf>
Package pdftex.def Info: Class_Project_Report_files/figure-latex/unnamed-chunk-
19-1.pdf  used on input line 603.
(pdftex.def)             Requested size: 469.75386pt x 325.2142pt.
[14 <./Class_Project_Report_files/figure-latex/unnamed-chunk-18-1.pdf>]
<Class_Project_Report_files/figure-latex/unnamed-chunk-20-1.pdf, id=211, 469.75
5pt x 325.215pt>
File: Class_Project_Report_files/figure-latex/unnamed-chunk-20-1.pdf Graphic fi
le (type pdf)
<use Class_Project_Report_files/figure-latex/unnamed-chunk-20-1.pdf>
Package pdftex.def Info: Class_Project_Report_files/figure-latex/unnamed-chunk-
20-1.pdf  used on input line 630.
(pdftex.def)             Requested size: 469.75386pt x 325.2142pt.
[15 <./Class_Project_Report_files/figure-latex/unnamed-chunk-19-1.pdf>]
<Class_Project_Report_files/figure-latex/unnamed-chunk-21-1.pdf, id=222, 469.75
5pt x 325.215pt>
File: Class_Project_Report_files/figure-latex/unnamed-chunk-21-1.pdf Graphic fi
le (type pdf)
<use Class_Project_Report_files/figure-latex/unnamed-chunk-21-1.pdf>
Package pdftex.def Info: Class_Project_Report_files/figure-latex/unnamed-chunk-
21-1.pdf  used on input line 632.
(pdftex.def)             Requested size: 469.75386pt x 325.2142pt.
[16 <./Class_Project_Report_files/figure-latex/unnamed-chunk-20-1.pdf>] [17 <./
Class_Project_Report_files/figure-latex/unnamed-chunk-21-1.pdf>] [18] (./Class_
Project_Report.aux)
Package rerunfilecheck Info: File `Class_Project_Report.out' has not changed.
(rerunfilecheck)             Checksum: 32F08DF2005D6DA70636DCC3C357BE5B;2485.
 ) 
Here is how much of TeX's memory you used:
 13296 strings out of 480313
 216679 string characters out of 5894923
 524679 words of memory out of 5000000
 30844 multiletter control sequences out of 15000+600000
 454382 words of font info for 71 fonts, out of 8000000 for 9000
 14 hyphenation exceptions out of 8191
 60i,7n,63p,352b,407s stack positions out of 5000i,500n,10000p,200000b,80000s
{c:/Users/Valued Customer/AppData/Roaming/TinyTeX/texmf-dist/fonts/enc/dvips/
lm/lm-ec.enc}<c:/Users/Valued Customer/AppData/Roaming/TinyTeX/texmf-dist/fonts
/type1/public/lm/lmbx12.pfb><c:/Users/Valued Customer/AppData/Roaming/TinyTeX/t
exmf-dist/fonts/type1/public/lm/lmr12.pfb><c:/Users/Valued Customer/AppData/Roa
ming/TinyTeX/texmf-dist/fonts/type1/public/lm/lmr17.pfb><c:/Users/Valued Custom
er/AppData/Roaming/TinyTeX/texmf-dist/fonts/type1/public/lm/lmri12.pfb><c:/User
s/Valued Customer/AppData/Roaming/TinyTeX/texmf-dist/fonts/type1/public/lm/lmtk
10.pfb><c:/Users/Valued Customer/AppData/Roaming/TinyTeX/texmf-dist/fonts/type1
/public/lm/lmtt12.pfb><c:/Users/Valued Customer/AppData/Roaming/TinyTeX/texmf-d
ist/fonts/type1/public/lm/lmtti10.pfb>
Output written on Class_Project_Report.pdf (18 pages, 257898 bytes).
PDF statistics:
 303 PDF objects out of 1000 (max. 8388607)
 248 compressed objects within 3 object streams
 57 named destinations out of 1000 (max. 500000)
 174 words of extra memory for PDF output out of 10000 (max. 10000000)

